# JRE version: OpenJDK Runtime Environment (11.0.13+8) (build 11.0.13+8-Ubuntu-0ubuntu1.20.04)
# Java VM: OpenJDK 64-Bit Server VM (11.0.13+8-Ubuntu-0ubuntu1.20.04, mixed mode, sharing, tiered, compressed oops, g1 gc, linux-amd64)
Heap:
 garbage-first heap   total 270336K, used 79365K [0x00000000c0000000, 0x0000000100000000)
  region size 1024K, 3 young (3072K), 1 survivors (1024K)
 Metaspace       used 10689K, capacity 12615K, committed 12800K, reserved 1060864K
  class space    used 1618K, capacity 1951K, committed 2048K, reserved 1048576K
GC Heap History (20 events):
Event: 1215.035 GC heap before
{Heap before GC invocations=213 (full 39):
 garbage-first heap   total 270336K, used 237060K [0x00000000c0000000, 0x0000000100000000)
  region size 1024K, 156 young (159744K), 1 survivors (1024K)
 Metaspace       used 10683K, capacity 12615K, committed 12800K, reserved 1060864K
  class space    used 1617K, capacity 1951K, committed 2048K, reserved 1048576K
}
Event: 1215.036 GC heap after
{Heap after GC invocations=214 (full 39):
 garbage-first heap   total 270336K, used 78338K [0x00000000c0000000, 0x0000000100000000)
  region size 1024K, 1 young (1024K), 1 survivors (1024K)
 Metaspace       used 10683K, capacity 12615K, committed 12800K, reserved 1060864K
  class space    used 1617K, capacity 1951K, committed 2048K, reserved 1048576K
}
Event: 1215.346 GC heap before
{Heap before GC invocations=214 (full 39):
 garbage-first heap   total 270336K, used 237058K [0x00000000c0000000, 0x0000000100000000)
  region size 1024K, 156 young (159744K), 1 survivors (1024K)
 Metaspace       used 10683K, capacity 12615K, committed 12800K, reserved 1060864K
  class space    used 1617K, capacity 1951K, committed 2048K, reserved 1048576K
}
Event: 1215.347 GC heap after
{Heap after GC invocations=215 (full 39):
 garbage-first heap   total 270336K, used 78339K [0x00000000c0000000, 0x0000000100000000)
  region size 1024K, 1 young (1024K), 1 survivors (1024K)
 Metaspace       used 10683K, capacity 12615K, committed 12800K, reserved 1060864K
  class space    used 1617K, capacity 1951K, committed 2048K, reserved 1048576K
}
Event: 1215.716 GC heap before
{Heap before GC invocations=215 (full 39):
 garbage-first heap   total 270336K, used 237059K [0x00000000c0000000, 0x0000000100000000)
  region size 1024K, 156 young (159744K), 1 survivors (1024K)
 Metaspace       used 10683K, capacity 12615K, committed 12800K, reserved 1060864K
  class space    used 1617K, capacity 1951K, committed 2048K, reserved 1048576K
}
Event: 1215.722 GC heap after
{Heap after GC invocations=216 (full 39):
 garbage-first heap   total 270336K, used 78345K [0x00000000c0000000, 0x0000000100000000)
  region size 1024K, 1 young (1024K), 1 survivors (1024K)
 Metaspace       used 10683K, capacity 12615K, committed 12800K, reserved 1060864K
  class space    used 1617K, capacity 1951K, committed 2048K, reserved 1048576K
}
Event: 1216.049 GC heap before
{Heap before GC invocations=216 (full 39):
 garbage-first heap   total 270336K, used 237065K [0x00000000c0000000, 0x0000000100000000)
  region size 1024K, 156 young (159744K), 1 survivors (1024K)
 Metaspace       used 10683K, capacity 12615K, committed 12800K, reserved 1060864K
  class space    used 1617K, capacity 1951K, committed 2048K, reserved 1048576K
}
Event: 1216.050 GC heap after
{Heap after GC invocations=217 (full 39):
 garbage-first heap   total 270336K, used 78349K [0x00000000c0000000, 0x0000000100000000)
  region size 1024K, 1 young (1024K), 1 survivors (1024K)
 Metaspace       used 10683K, capacity 12615K, committed 12800K, reserved 1060864K
  class space    used 1617K, capacity 1951K, committed 2048K, reserved 1048576K
}
Event: 1216.310 GC heap before
{Heap before GC invocations=217 (full 39):
 garbage-first heap   total 270336K, used 237069K [0x00000000c0000000, 0x0000000100000000)
  region size 1024K, 156 young (159744K), 1 survivors (1024K)
 Metaspace       used 10683K, capacity 12615K, committed 12800K, reserved 1060864K
  class space    used 1617K, capacity 1951K, committed 2048K, reserved 1048576K
}
Event: 1216.311 GC heap after
{Heap after GC invocations=218 (full 39):
 garbage-first heap   total 270336K, used 78347K [0x00000000c0000000, 0x0000000100000000)
  region size 1024K, 1 young (1024K), 1 survivors (1024K)
 Metaspace       used 10683K, capacity 12615K, committed 12800K, reserved 1060864K
  class space    used 1617K, capacity 1951K, committed 2048K, reserved 1048576K
}
Event: 1261.460 GC heap before
{Heap before GC invocations=218 (full 39):
 garbage-first heap   total 270336K, used 230923K [0x00000000c0000000, 0x0000000100000000)
  region size 1024K, 151 young (154624K), 1 survivors (1024K)
 Metaspace       used 10683K, capacity 12615K, committed 12800K, reserved 1060864K
  class space    used 1617K, capacity 1951K, committed 2048K, reserved 1048576K
}
Event: 1261.515 GC heap after
{Heap after GC invocations=219 (full 40):
 garbage-first heap   total 270336K, used 78327K [0x00000000c0000000, 0x0000000100000000)
  region size 1024K, 0 young (0K), 0 survivors (0K)
 Metaspace       used 10683K, capacity 12615K, committed 12800K, reserved 1060864K
  class space    used 1617K, capacity 1951K, committed 2048K, reserved 1048576K
}
Event: 1261.716 GC heap before
{Heap before GC invocations=219 (full 40):
 garbage-first heap   total 270336K, used 78327K [0x00000000c0000000, 0x0000000100000000)
  region size 1024K, 1 young (1024K), 0 survivors (0K)
 Metaspace       used 10683K, capacity 12615K, committed 12800K, reserved 1060864K
  class space    used 1617K, capacity 1951K, committed 2048K, reserved 1048576K
}
Event: 1261.763 GC heap after
{Heap after GC invocations=220 (full 41):
 garbage-first heap   total 270336K, used 78327K [0x00000000c0000000, 0x0000000100000000)
  region size 1024K, 0 young (0K), 0 survivors (0K)
 Metaspace       used 10683K, capacity 12615K, committed 12800K, reserved 1060864K
  class space    used 1617K, capacity 1951K, committed 2048K, reserved 1048576K
}
Event: 1263.572 GC heap before
{Heap before GC invocations=220 (full 41):
 garbage-first heap   total 270336K, used 238071K [0x00000000c0000000, 0x0000000100000000)
  region size 1024K, 156 young (159744K), 0 survivors (0K)
 Metaspace       used 10683K, capacity 12615K, committed 12800K, reserved 1060864K
  class space    used 1617K, capacity 1951K, committed 2048K, reserved 1048576K
}
Event: 1263.572 GC heap after
{Heap after GC invocations=221 (full 41):
 garbage-first heap   total 270336K, used 78339K [0x00000000c0000000, 0x0000000100000000)
  region size 1024K, 1 young (1024K), 1 survivors (1024K)
 Metaspace       used 10683K, capacity 12615K, committed 12800K, reserved 1060864K
  class space    used 1617K, capacity 1951K, committed 2048K, reserved 1048576K
}
Event: 1264.233 GC heap before
{Heap before GC invocations=221 (full 41):
 garbage-first heap   total 270336K, used 237059K [0x00000000c0000000, 0x0000000100000000)
  region size 1024K, 156 young (159744K), 1 survivors (1024K)
 Metaspace       used 10683K, capacity 12615K, committed 12800K, reserved 1060864K
  class space    used 1617K, capacity 1951K, committed 2048K, reserved 1048576K
}
Event: 1264.235 GC heap after
{Heap after GC invocations=222 (full 41):
 garbage-first heap   total 270336K, used 78345K [0x00000000c0000000, 0x0000000100000000)
  region size 1024K, 1 young (1024K), 1 survivors (1024K)
 Metaspace       used 10683K, capacity 12615K, committed 12800K, reserved 1060864K
  class space    used 1617K, capacity 1951K, committed 2048K, reserved 1048576K
}
Event: 1264.706 GC heap before
{Heap before GC invocations=222 (full 41):
 garbage-first heap   total 270336K, used 237065K [0x00000000c0000000, 0x0000000100000000)
  region size 1024K, 156 young (159744K), 1 survivors (1024K)
 Metaspace       used 10683K, capacity 12615K, committed 12800K, reserved 1060864K
  class space    used 1617K, capacity 1951K, committed 2048K, reserved 1048576K
}
Event: 1264.707 GC heap after
{Heap after GC invocations=223 (full 41):
 garbage-first heap   total 270336K, used 78341K [0x00000000c0000000, 0x0000000100000000)
  region size 1024K, 1 young (1024K), 1 survivors (1024K)
 Metaspace       used 10683K, capacity 12615K, committed 12800K, reserved 1060864K
  class space    used 1617K, capacity 1951K, committed 2048K, reserved 1048576K
}

